<?xml version="1.0" encoding="UTF-8"?>
<!-- Generated by org.testng.reporters.JUnitReportReporter -->
<testsuite hostname="ExecutiveCoordinator" failures="0" tests="1" name="Demo.Ak" time="0.007" errors="0" timestamp="2022-09-14T23:38:36 IST" skipped="0">
  <testcase classname="Demo.Ak" name="test1" time="0.007"/>
  <system-out>
    <![CDATA[1]]>
  </system-out>
</testsuite> <!-- Demo.Ak -->
