<?xml version="1.0" encoding="UTF-8"?>
<!-- Generated by org.testng.reporters.JUnitReportReporter -->
<testsuite hostname="ExecutiveCoordinator" failures="0" tests="1" name="Demo.AR" time="0.000" errors="0" timestamp="2022-09-14T23:38:36 IST" skipped="0">
  <testcase classname="Demo.AR" name="test3" time="0.000"/>
  <system-out>
    <![CDATA[3]]>
  </system-out>
</testsuite> <!-- Demo.AR -->
